Arguments: 
  E:\nodejs\node.exe C:\Users\殷杰\AppData\Roaming\npm\node_modules\yarn\bin\yarn.js add react-app-rewired

PATH: 
  E:\XFTP\;C:\Windows\system32;C:\Windows;C:\Windows\System32\Wbem;C:\Windows\System32\WindowsPowerShell\v1.0\;C:\Windows\System32\OpenSSH\;E:\Git\cmd;E:\Local\bin\NASM;C:\Program Files\dotnet\;C:\Program Files\Microsoft SQL Server\Client SDK\ODBC\170\Tools\Binn\;E:\nodejs\;C:\MinGW\bin;E:\Java\bin;E:\Apache\apache-tomcat-7.0.63\bin;E:\Apache\apache-tomcat-7.0.63\lib;C:\Program Files\MySQL\MySQL Shell 8.0\bin\;C:\Users\殷杰\AppData\Roaming\npm;E:\Microsoft VS Code\bin;e:\ModelSim\win32pe_edu;C:\Modeltech_pe_edu_10.4a\win32pe_edu;E:\Modeltech_pe_edu_10.4a\win32pe_edu;C:\modeltech64_10.4\win64;E:\modeltech64_10.4\win64

Yarn version: 
  1.15.2

Node version: 
  10.16.0

Platform: 
  win32 x64

Trace: 
  Error: unable to verify the first certificate
      at TLSSocket.onConnectSecure (_tls_wrap.js:1055:34)
      at TLSSocket.emit (events.js:198:13)
      at TLSSocket._finishInit (_tls_wrap.js:633:8)

npm manifest: 
  {
    "name": "department_server",
    "version": "1.0.0",
    "description": "",
    "main": "index.js",
    "scripts": {
      "test": "echo \"Error: no test specified\" && exit 1"
    },
    "author": "",
    "license": "ISC",
    "dependencies": {
      "body-parser": "^1.19.0",
      "express": "^4.17.1",
      "mysql": "^2.17.1"
    }
  }

yarn manifest: 
  No manifest

Lockfile: 
  No lockfile
